<?xml version="1.0" encoding="UTF-8"?>
<testng-results total="1" passed="1" failed="0" skipped="0">
  <reporter-output>
  </reporter-output>
  <suite started-at="2019-04-12T12:48:02Z" name="Default suite" finished-at="2019-04-12T12:48:43Z" duration-ms="40855">
    <groups>
    </groups>
    <test started-at="2019-04-12T12:48:02Z" name="Default test" finished-at="2019-04-12T12:48:43Z" duration-ms="40855">
      <class name="com.zoopla.testcases.ZooplaHomeTest">
        <test-method is-config="true" signature="setup()[pri:0, instance:com.zoopla.testcases.ZooplaHomeTest@1c1bbc4e]" started-at="2019-04-12T22:48:02Z" name="setup" finished-at="2019-04-12T22:48:09Z" duration-ms="7690" status="PASS">
          <reporter-output>
          </reporter-output>
        </test-method> <!-- setup -->
        <test-method signature="zooplaTest()[pri:0, instance:com.zoopla.testcases.ZooplaHomeTest@1c1bbc4e]" started-at="2019-04-12T22:48:09Z" name="zooplaTest" finished-at="2019-04-12T22:48:42Z" duration-ms="32382" status="PASS">
          <reporter-output>
          </reporter-output>
        </test-method> <!-- zooplaTest -->
        <test-method is-config="true" signature="teardown()[pri:0, instance:com.zoopla.testcases.ZooplaHomeTest@1c1bbc4e]" started-at="2019-04-12T22:48:42Z" name="teardown" finished-at="2019-04-12T22:48:43Z" duration-ms="763" status="PASS">
          <reporter-output>
          </reporter-output>
        </test-method> <!-- teardown -->
      </class> <!-- com.zoopla.testcases.ZooplaHomeTest -->
    </test> <!-- Default test -->
  </suite> <!-- Default suite -->
</testng-results>
